<?xml version="1.0" encoding="UTF-8"?>
<testsuite xmlns:xsi="http://www.w3.org/2001/XMLSchema-instance" xsi:noNamespaceSchemaLocation="https://maven.apache.org/surefire/maven-surefire-plugin/xsd/surefire-test-report.xsd" name="com.example.demo2.Demo2ApplicationTests" time="7.298" tests="1" errors="0" skipped="0" failures="0">
  <properties>
    <property name="sun.desktop" value="windows"/>
    <property name="awt.toolkit" value="sun.awt.windows.WToolkit"/>
    <property name="file.encoding.pkg" value="sun.io"/>
    <property name="java.specification.version" value="1.8"/>
    <property name="sun.cpu.isalist" value="amd64"/>
    <property name="sun.jnu.encoding" value="GBK"/>
    <property name="java.class.path" value="D:\workspace\demo2\target\test-classes;D:\workspace\demo2\target\classes;D:\local\org\springframework\boot\spring-boot-starter-jdbc\2.2.0.M4\spring-boot-starter-jdbc-2.2.0.M4.jar;D:\local\org\springframework\boot\spring-boot-starter\2.2.0.M4\spring-boot-starter-2.2.0.M4.jar;D:\local\org\springframework\boot\spring-boot-starter-logging\2.2.0.M4\spring-boot-starter-logging-2.2.0.M4.jar;D:\local\ch\qos\logback\logback-classic\1.2.3\logback-classic-1.2.3.jar;D:\local\ch\qos\logback\logback-core\1.2.3\logback-core-1.2.3.jar;D:\local\org\apache\logging\log4j\log4j-to-slf4j\2.11.2\log4j-to-slf4j-2.11.2.jar;D:\local\org\apache\logging\log4j\log4j-api\2.11.2\log4j-api-2.11.2.jar;D:\local\org\slf4j\jul-to-slf4j\1.7.26\jul-to-slf4j-1.7.26.jar;D:\local\org\yaml\snakeyaml\1.24\snakeyaml-1.24.jar;D:\local\com\zaxxer\HikariCP\3.3.1\HikariCP-3.3.1.jar;D:\local\org\slf4j\slf4j-api\1.7.26\slf4j-api-1.7.26.jar;D:\local\org\springframework\spring-jdbc\5.2.0.M3\spring-jdbc-5.2.0.M3.jar;D:\local\org\springframework\spring-beans\5.2.0.M3\spring-beans-5.2.0.M3.jar;D:\local\org\springframework\spring-tx\5.2.0.M3\spring-tx-5.2.0.M3.jar;D:\local\org\projectlombok\lombok\1.18.8\lombok-1.18.8.jar;D:\local\org\springframework\boot\spring-boot-starter-web\2.2.0.M4\spring-boot-starter-web-2.2.0.M4.jar;D:\local\org\springframework\boot\spring-boot-starter-json\2.2.0.M4\spring-boot-starter-json-2.2.0.M4.jar;D:\local\com\fasterxml\jackson\core\jackson-databind\2.9.9\jackson-databind-2.9.9.jar;D:\local\com\fasterxml\jackson\core\jackson-annotations\2.9.0\jackson-annotations-2.9.0.jar;D:\local\com\fasterxml\jackson\core\jackson-core\2.9.9\jackson-core-2.9.9.jar;D:\local\com\fasterxml\jackson\datatype\jackson-datatype-jdk8\2.9.9\jackson-datatype-jdk8-2.9.9.jar;D:\local\com\fasterxml\jackson\datatype\jackson-datatype-jsr310\2.9.9\jackson-datatype-jsr310-2.9.9.jar;D:\local\com\fasterxml\jackson\module\jackson-module-parameter-names\2.9.9\jackson-module-parameter-names-2.9.9.jar;D:\local\org\springframework\boot\spring-boot-starter-validation\2.2.0.M4\spring-boot-starter-validation-2.2.0.M4.jar;D:\local\jakarta\validation\jakarta.validation-api\2.0.1\jakarta.validation-api-2.0.1.jar;D:\local\org\hibernate\validator\hibernate-validator\6.0.17.Final\hibernate-validator-6.0.17.Final.jar;D:\local\org\jboss\logging\jboss-logging\3.4.0.Final\jboss-logging-3.4.0.Final.jar;D:\local\com\fasterxml\classmate\1.5.0\classmate-1.5.0.jar;D:\local\org\springframework\spring-web\5.2.0.M3\spring-web-5.2.0.M3.jar;D:\local\org\springframework\spring-webmvc\5.2.0.M3\spring-webmvc-5.2.0.M3.jar;D:\local\org\springframework\spring-aop\5.2.0.M3\spring-aop-5.2.0.M3.jar;D:\local\org\springframework\spring-expression\5.2.0.M3\spring-expression-5.2.0.M3.jar;D:\local\org\springframework\boot\spring-boot-starter-tomcat\2.2.0.M4\spring-boot-starter-tomcat-2.2.0.M4.jar;D:\local\jakarta\annotation\jakarta.annotation-api\1.3.4\jakarta.annotation-api-1.3.4.jar;D:\local\org\apache\tomcat\embed\tomcat-embed-core\9.0.21\tomcat-embed-core-9.0.21.jar;D:\local\org\apache\tomcat\embed\tomcat-embed-el\9.0.21\tomcat-embed-el-9.0.21.jar;D:\local\org\apache\tomcat\embed\tomcat-embed-websocket\9.0.21\tomcat-embed-websocket-9.0.21.jar;D:\local\org\springframework\boot\spring-boot-devtools\2.2.0.M4\spring-boot-devtools-2.2.0.M4.jar;D:\local\org\springframework\boot\spring-boot-autoconfigure\2.2.0.M4\spring-boot-autoconfigure-2.2.0.M4.jar;D:\local\org\mybatis\spring\boot\mybatis-spring-boot-starter\1.3.2\mybatis-spring-boot-starter-1.3.2.jar;D:\local\org\mybatis\spring\boot\mybatis-spring-boot-autoconfigure\1.3.2\mybatis-spring-boot-autoconfigure-1.3.2.jar;D:\local\org\mybatis\mybatis\3.4.6\mybatis-3.4.6.jar;D:\local\org\mybatis\mybatis-spring\1.3.2\mybatis-spring-1.3.2.jar;D:\local\com\alibaba\fastjson\1.1.31\fastjson-1.1.31.jar;D:\local\mysql\mysql-connector-java\8.0.16\mysql-connector-java-8.0.16.jar;D:\local\org\springframework\boot\spring-boot-starter-test\2.2.0.M4\spring-boot-starter-test-2.2.0.M4.jar;D:\local\org\springframework\boot\spring-boot-test\2.2.0.M4\spring-boot-test-2.2.0.M4.jar;D:\local\org\springframework\boot\spring-boot-test-autoconfigure\2.2.0.M4\spring-boot-test-autoconfigure-2.2.0.M4.jar;D:\local\com\jayway\jsonpath\json-path\2.4.0\json-path-2.4.0.jar;D:\local\net\minidev\json-smart\2.3\json-smart-2.3.jar;D:\local\net\minidev\accessors-smart\1.2\accessors-smart-1.2.jar;D:\local\org\ow2\asm\asm\5.0.4\asm-5.0.4.jar;D:\local\jakarta\xml\bind\jakarta.xml.bind-api\2.3.2\jakarta.xml.bind-api-2.3.2.jar;D:\local\jakarta\activation\jakarta.activation-api\1.2.1\jakarta.activation-api-1.2.1.jar;D:\local\org\junit\jupiter\junit-jupiter\5.4.2\junit-jupiter-5.4.2.jar;D:\local\org\junit\jupiter\junit-jupiter-api\5.4.2\junit-jupiter-api-5.4.2.jar;D:\local\org\apiguardian\apiguardian-api\1.0.0\apiguardian-api-1.0.0.jar;D:\local\org\opentest4j\opentest4j\1.1.1\opentest4j-1.1.1.jar;D:\local\org\junit\platform\junit-platform-commons\1.4.2\junit-platform-commons-1.4.2.jar;D:\local\org\junit\jupiter\junit-jupiter-params\5.4.2\junit-jupiter-params-5.4.2.jar;D:\local\org\junit\jupiter\junit-jupiter-engine\5.4.2\junit-jupiter-engine-5.4.2.jar;D:\local\org\junit\platform\junit-platform-engine\1.4.2\junit-platform-engine-1.4.2.jar;D:\local\org\mockito\mockito-junit-jupiter\2.28.2\mockito-junit-jupiter-2.28.2.jar;D:\local\org\assertj\assertj-core\3.12.2\assertj-core-3.12.2.jar;D:\local\org\hamcrest\hamcrest\2.1\hamcrest-2.1.jar;D:\local\org\mockito\mockito-core\2.28.2\mockito-core-2.28.2.jar;D:\local\net\bytebuddy\byte-buddy\1.9.13\byte-buddy-1.9.13.jar;D:\local\net\bytebuddy\byte-buddy-agent\1.9.13\byte-buddy-agent-1.9.13.jar;D:\local\org\objenesis\objenesis\2.6\objenesis-2.6.jar;D:\local\org\skyscreamer\jsonassert\1.5.0\jsonassert-1.5.0.jar;D:\local\com\vaadin\external\google\android-json\0.0.20131108.vaadin1\android-json-0.0.20131108.vaadin1.jar;D:\local\org\springframework\spring-core\5.2.0.M3\spring-core-5.2.0.M3.jar;D:\local\org\springframework\spring-jcl\5.2.0.M3\spring-jcl-5.2.0.M3.jar;D:\local\org\springframework\spring-test\5.2.0.M3\spring-test-5.2.0.M3.jar;D:\local\org\xmlunit\xmlunit-core\2.6.2\xmlunit-core-2.6.2.jar;D:\local\org\springframework\boot\spring-boot\2.2.0.M4\spring-boot-2.2.0.M4.jar;D:\local\org\springframework\spring-context\5.2.0.M3\spring-context-5.2.0.M3.jar;D:\local\com\thetransactioncompany\cors-filter\2.5\cors-filter-2.5.jar;D:\local\com\thetransactioncompany\java-property-utils\1.9.1\java-property-utils-1.9.1.jar;"/>
    <property name="java.vm.vendor" value="Oracle Corporation"/>
    <property name="sun.arch.data.model" value="64"/>
    <property name="user.variant" value=""/>
    <property name="java.vendor.url" value="http://java.oracle.com/"/>
    <property name="user.timezone" value="Asia/Shanghai"/>
    <property name="java.vm.specification.version" value="1.8"/>
    <property name="os.name" value="Windows 10"/>
    <property name="user.country" value="CN"/>
    <property name="sun.java.launcher" value="SUN_STANDARD"/>
    <property name="sun.boot.library.path" value="C:\Program Files\Java\jdk1.8.0_172\jre\bin"/>
    <property name="sun.java.command" value="C:\Users\战神邪帝\AppData\Local\Temp\surefire4684921546268974746\surefirebooter860669329133443263.jar C:\Users\战神邪帝\AppData\Local\Temp\surefire4684921546268974746 2019-09-08T16-45-46_677-jvmRun1 surefire727619972989375181tmp surefire_06660650145262825142tmp"/>
    <property name="surefire.test.class.path" value="D:\workspace\demo2\target\test-classes;D:\workspace\demo2\target\classes;D:\local\org\springframework\boot\spring-boot-starter-jdbc\2.2.0.M4\spring-boot-starter-jdbc-2.2.0.M4.jar;D:\local\org\springframework\boot\spring-boot-starter\2.2.0.M4\spring-boot-starter-2.2.0.M4.jar;D:\local\org\springframework\boot\spring-boot-starter-logging\2.2.0.M4\spring-boot-starter-logging-2.2.0.M4.jar;D:\local\ch\qos\logback\logback-classic\1.2.3\logback-classic-1.2.3.jar;D:\local\ch\qos\logback\logback-core\1.2.3\logback-core-1.2.3.jar;D:\local\org\apache\logging\log4j\log4j-to-slf4j\2.11.2\log4j-to-slf4j-2.11.2.jar;D:\local\org\apache\logging\log4j\log4j-api\2.11.2\log4j-api-2.11.2.jar;D:\local\org\slf4j\jul-to-slf4j\1.7.26\jul-to-slf4j-1.7.26.jar;D:\local\org\yaml\snakeyaml\1.24\snakeyaml-1.24.jar;D:\local\com\zaxxer\HikariCP\3.3.1\HikariCP-3.3.1.jar;D:\local\org\slf4j\slf4j-api\1.7.26\slf4j-api-1.7.26.jar;D:\local\org\springframework\spring-jdbc\5.2.0.M3\spring-jdbc-5.2.0.M3.jar;D:\local\org\springframework\spring-beans\5.2.0.M3\spring-beans-5.2.0.M3.jar;D:\local\org\springframework\spring-tx\5.2.0.M3\spring-tx-5.2.0.M3.jar;D:\local\org\projectlombok\lombok\1.18.8\lombok-1.18.8.jar;D:\local\org\springframework\boot\spring-boot-starter-web\2.2.0.M4\spring-boot-starter-web-2.2.0.M4.jar;D:\local\org\springframework\boot\spring-boot-starter-json\2.2.0.M4\spring-boot-starter-json-2.2.0.M4.jar;D:\local\com\fasterxml\jackson\core\jackson-databind\2.9.9\jackson-databind-2.9.9.jar;D:\local\com\fasterxml\jackson\core\jackson-annotations\2.9.0\jackson-annotations-2.9.0.jar;D:\local\com\fasterxml\jackson\core\jackson-core\2.9.9\jackson-core-2.9.9.jar;D:\local\com\fasterxml\jackson\datatype\jackson-datatype-jdk8\2.9.9\jackson-datatype-jdk8-2.9.9.jar;D:\local\com\fasterxml\jackson\datatype\jackson-datatype-jsr310\2.9.9\jackson-datatype-jsr310-2.9.9.jar;D:\local\com\fasterxml\jackson\module\jackson-module-parameter-names\2.9.9\jackson-module-parameter-names-2.9.9.jar;D:\local\org\springframework\boot\spring-boot-starter-validation\2.2.0.M4\spring-boot-starter-validation-2.2.0.M4.jar;D:\local\jakarta\validation\jakarta.validation-api\2.0.1\jakarta.validation-api-2.0.1.jar;D:\local\org\hibernate\validator\hibernate-validator\6.0.17.Final\hibernate-validator-6.0.17.Final.jar;D:\local\org\jboss\logging\jboss-logging\3.4.0.Final\jboss-logging-3.4.0.Final.jar;D:\local\com\fasterxml\classmate\1.5.0\classmate-1.5.0.jar;D:\local\org\springframework\spring-web\5.2.0.M3\spring-web-5.2.0.M3.jar;D:\local\org\springframework\spring-webmvc\5.2.0.M3\spring-webmvc-5.2.0.M3.jar;D:\local\org\springframework\spring-aop\5.2.0.M3\spring-aop-5.2.0.M3.jar;D:\local\org\springframework\spring-expression\5.2.0.M3\spring-expression-5.2.0.M3.jar;D:\local\org\springframework\boot\spring-boot-starter-tomcat\2.2.0.M4\spring-boot-starter-tomcat-2.2.0.M4.jar;D:\local\jakarta\annotation\jakarta.annotation-api\1.3.4\jakarta.annotation-api-1.3.4.jar;D:\local\org\apache\tomcat\embed\tomcat-embed-core\9.0.21\tomcat-embed-core-9.0.21.jar;D:\local\org\apache\tomcat\embed\tomcat-embed-el\9.0.21\tomcat-embed-el-9.0.21.jar;D:\local\org\apache\tomcat\embed\tomcat-embed-websocket\9.0.21\tomcat-embed-websocket-9.0.21.jar;D:\local\org\springframework\boot\spring-boot-devtools\2.2.0.M4\spring-boot-devtools-2.2.0.M4.jar;D:\local\org\springframework\boot\spring-boot-autoconfigure\2.2.0.M4\spring-boot-autoconfigure-2.2.0.M4.jar;D:\local\org\mybatis\spring\boot\mybatis-spring-boot-starter\1.3.2\mybatis-spring-boot-starter-1.3.2.jar;D:\local\org\mybatis\spring\boot\mybatis-spring-boot-autoconfigure\1.3.2\mybatis-spring-boot-autoconfigure-1.3.2.jar;D:\local\org\mybatis\mybatis\3.4.6\mybatis-3.4.6.jar;D:\local\org\mybatis\mybatis-spring\1.3.2\mybatis-spring-1.3.2.jar;D:\local\com\alibaba\fastjson\1.1.31\fastjson-1.1.31.jar;D:\local\mysql\mysql-connector-java\8.0.16\mysql-connector-java-8.0.16.jar;D:\local\org\springframework\boot\spring-boot-starter-test\2.2.0.M4\spring-boot-starter-test-2.2.0.M4.jar;D:\local\org\springframework\boot\spring-boot-test\2.2.0.M4\spring-boot-test-2.2.0.M4.jar;D:\local\org\springframework\boot\spring-boot-test-autoconfigure\2.2.0.M4\spring-boot-test-autoconfigure-2.2.0.M4.jar;D:\local\com\jayway\jsonpath\json-path\2.4.0\json-path-2.4.0.jar;D:\local\net\minidev\json-smart\2.3\json-smart-2.3.jar;D:\local\net\minidev\accessors-smart\1.2\accessors-smart-1.2.jar;D:\local\org\ow2\asm\asm\5.0.4\asm-5.0.4.jar;D:\local\jakarta\xml\bind\jakarta.xml.bind-api\2.3.2\jakarta.xml.bind-api-2.3.2.jar;D:\local\jakarta\activation\jakarta.activation-api\1.2.1\jakarta.activation-api-1.2.1.jar;D:\local\org\junit\jupiter\junit-jupiter\5.4.2\junit-jupiter-5.4.2.jar;D:\local\org\junit\jupiter\junit-jupiter-api\5.4.2\junit-jupiter-api-5.4.2.jar;D:\local\org\apiguardian\apiguardian-api\1.0.0\apiguardian-api-1.0.0.jar;D:\local\org\opentest4j\opentest4j\1.1.1\opentest4j-1.1.1.jar;D:\local\org\junit\platform\junit-platform-commons\1.4.2\junit-platform-commons-1.4.2.jar;D:\local\org\junit\jupiter\junit-jupiter-params\5.4.2\junit-jupiter-params-5.4.2.jar;D:\local\org\junit\jupiter\junit-jupiter-engine\5.4.2\junit-jupiter-engine-5.4.2.jar;D:\local\org\junit\platform\junit-platform-engine\1.4.2\junit-platform-engine-1.4.2.jar;D:\local\org\mockito\mockito-junit-jupiter\2.28.2\mockito-junit-jupiter-2.28.2.jar;D:\local\org\assertj\assertj-core\3.12.2\assertj-core-3.12.2.jar;D:\local\org\hamcrest\hamcrest\2.1\hamcrest-2.1.jar;D:\local\org\mockito\mockito-core\2.28.2\mockito-core-2.28.2.jar;D:\local\net\bytebuddy\byte-buddy\1.9.13\byte-buddy-1.9.13.jar;D:\local\net\bytebuddy\byte-buddy-agent\1.9.13\byte-buddy-agent-1.9.13.jar;D:\local\org\objenesis\objenesis\2.6\objenesis-2.6.jar;D:\local\org\skyscreamer\jsonassert\1.5.0\jsonassert-1.5.0.jar;D:\local\com\vaadin\external\google\android-json\0.0.20131108.vaadin1\android-json-0.0.20131108.vaadin1.jar;D:\local\org\springframework\spring-core\5.2.0.M3\spring-core-5.2.0.M3.jar;D:\local\org\springframework\spring-jcl\5.2.0.M3\spring-jcl-5.2.0.M3.jar;D:\local\org\springframework\spring-test\5.2.0.M3\spring-test-5.2.0.M3.jar;D:\local\org\xmlunit\xmlunit-core\2.6.2\xmlunit-core-2.6.2.jar;D:\local\org\springframework\boot\spring-boot\2.2.0.M4\spring-boot-2.2.0.M4.jar;D:\local\org\springframework\spring-context\5.2.0.M3\spring-context-5.2.0.M3.jar;D:\local\com\thetransactioncompany\cors-filter\2.5\cors-filter-2.5.jar;D:\local\com\thetransactioncompany\java-property-utils\1.9.1\java-property-utils-1.9.1.jar;"/>
    <property name="sun.cpu.endian" value="little"/>
    <property name="user.home" value="C:\Users\战神邪帝"/>
    <property name="user.language" value="zh"/>
    <property name="java.specification.vendor" value="Oracle Corporation"/>
    <property name="java.home" value="C:\Program Files\Java\jdk1.8.0_172\jre"/>
    <property name="basedir" value="D:\workspace\demo2"/>
    <property name="file.separator" value="\"/>
    <property name="line.separator" value="&#10;"/>
    <property name="java.vm.specification.vendor" value="Oracle Corporation"/>
    <property name="java.specification.name" value="Java Platform API Specification"/>
    <property name="java.awt.graphicsenv" value="sun.awt.Win32GraphicsEnvironment"/>
    <property name="surefire.real.class.path" value="C:\Users\战神邪帝\AppData\Local\Temp\surefire4684921546268974746\surefirebooter860669329133443263.jar"/>
    <property name="sun.boot.class.path" value="C:\Program Files\Java\jdk1.8.0_172\jre\lib\resources.jar;C:\Program Files\Java\jdk1.8.0_172\jre\lib\rt.jar;C:\Program Files\Java\jdk1.8.0_172\jre\lib\sunrsasign.jar;C:\Program Files\Java\jdk1.8.0_172\jre\lib\jsse.jar;C:\Program Files\Java\jdk1.8.0_172\jre\lib\jce.jar;C:\Program Files\Java\jdk1.8.0_172\jre\lib\charsets.jar;C:\Program Files\Java\jdk1.8.0_172\jre\lib\jfr.jar;C:\Program Files\Java\jdk1.8.0_172\jre\classes"/>
    <property name="user.script" value=""/>
    <property name="sun.management.compiler" value="HotSpot 64-Bit Tiered Compilers"/>
    <property name="java.runtime.version" value="1.8.0_172-ea-b03"/>
    <property name="user.name" value="战神邪帝"/>
    <property name="path.separator" value=";"/>
    <property name="os.version" value="10.0"/>
    <property name="java.endorsed.dirs" value="C:\Program Files\Java\jdk1.8.0_172\jre\lib\endorsed"/>
    <property name="java.runtime.name" value="Java(TM) SE Runtime Environment"/>
    <property name="file.encoding" value="GBK"/>
    <property name="java.vm.name" value="Java HotSpot(TM) 64-Bit Server VM"/>
    <property name="localRepository" value="D:\local"/>
    <property name="java.vendor.url.bug" value="http://bugreport.sun.com/bugreport/"/>
    <property name="java.io.tmpdir" value="C:\Users\战神邪帝\AppData\Local\Temp\"/>
    <property name="java.version" value="1.8.0_172-ea"/>
    <property name="user.dir" value="D:\workspace\demo2"/>
    <property name="os.arch" value="amd64"/>
    <property name="java.vm.specification.name" value="Java Virtual Machine Specification"/>
    <property name="java.awt.printerjob" value="sun.awt.windows.WPrinterJob"/>
    <property name="sun.os.patch.level" value=""/>
    <property name="idea.version2019.1.1" value="true"/>
    <property name="java.library.path" value="C:\Program Files\Java\jdk1.8.0_172\jre\bin;C:\WINDOWS\Sun\Java\bin;C:\WINDOWS\system32;C:\WINDOWS;C:\WINDOWS;C:\ProgramData\Oracle\Java\javapath;D:\javaeclipse\java\bin;C:\Program Files\Java\jdk1.8.0_172\bin;C:\Program Files\Java\jdk1.8.0_172\jre\bin;D:\software\apache-maven-3.5.0-bin\apache-maven-3.5.0\bin;D:\software\apache-maven-3.5.0\bin;C:\WINDOWS\system32;C:\WINDOWS\System32\Wbem;C:\Program Files\Intel\iCLS Client\;C:\Program Files (x86)\Intel\iCLS Client\;C:\WINDOWS\system32\windowspowershell\v1.0\;D:\download\phpstudy\PHPTutorial\MySQL\bin;%QUARTUS_ROOTDIR%\bin;C:\WINDOWS\System32\WindowsPowerShell\v1.0\;C:\WINDOWS\System32\OpenSSH\;C:\Program Files\TortoiseSVN\bin;E:\software\Anaconda\Scripts;E:\software\Anaconda;C:\Program Files (x86)\QuickTime\QTSystem\;D:\software\apache-maven-3.5.0\bin;C:\Program Files (x86)\Microsoft SQL Server\Client SDK\ODBC\130\Tools\Binn\;C:\Program Files (x86)\Microsoft SQL Server\140\Tools\Binn\;C:\Program Files (x86)\Microsoft SQL Server\140\DTS\Binn\;C:\Program Files (x86)\Microsoft SQL Server\140\Tools\Binn\ManagementStudio\;C:\Program Files\Microsoft SQL Server\Client SDK\ODBC\110\Tools\Binn\;C:\Program Files (x86)\Microsoft SQL Server\120\Tools\Binn\;C:\Program Files\Microsoft SQL Server\120\Tools\Binn\;C:\Program Files\Microsoft SQL Server\120\DTS\Binn\;D:\download\matlab\runtime\win64;D:\download\matlab\bin;D:\download\matlab\polyspace\bin;C:\Program Files (x86)\Rational\common;D:\software\;D:\software\node_modules;D:\download\spss\JRE\bin;E:\python;E:\python\Library\mingw-w64\bin;E:\python\Library\usr\bin;E:\python\Library\bin;E:\python\Scripts;D:\phyton;D:\phyton\Library\mingw-w64\bin;D:\phyton\Library\usr\bin;D:\phyton\Library\bin;D:\phyton\Scripts;C:\Users\战神邪帝\AppData\Local\Microsoft\WindowsApps;D:\software\modelsim_ase\win32aloem;D:\software\quarts-13.1.0\modelsim_ase\win32aloem;D:\software\IntelliJ IDEA 2018.3.3\bin;;C:\Users\战神邪帝\AppData\Roaming\npm;D:\software\node_modules;;."/>
    <property name="java.vm.info" value="mixed mode"/>
    <property name="java.vendor" value="Oracle Corporation"/>
    <property name="java.vm.version" value="25.172-b03"/>
    <property name="java.ext.dirs" value="C:\Program Files\Java\jdk1.8.0_172\jre\lib\ext;C:\WINDOWS\Sun\Java\lib\ext"/>
    <property name="sun.io.unicode.encoding" value="UnicodeLittle"/>
    <property name="java.class.version" value="52.0"/>
  </properties>
  <testcase name="contextLoads" classname="com.example.demo2.Demo2ApplicationTests" time="0.347"/>
</testsuite>